2018-02-23 12:00:33,949 [INFO] from play.api.http.EnabledFilters in play-dev-mode-akka.actor.default-dispatcher-6 - Enabled Filters (see <https://www.playframework.com/documentation/latest/Filters>):

    play.filters.csrf.CSRFFilter
    play.filters.headers.SecurityHeadersFilter
    play.filters.hosts.AllowedHostsFilter
    play.filters.cors.CORSFilter

2018-02-23 12:00:33,955 [INFO] from play.api.Play in play-dev-mode-akka.actor.default-dispatcher-6 - Application started (Dev)
2018-02-23 12:00:34,758 [WARN] from play.api.mvc.DefaultJWTCookieDataCodec in application-akka.actor.default-dispatcher-3 - decode: cookie has invalid signature! message = JWT signature does not match locally computed signature. JWT validity cannot be asserted and should not be trusted.
2018-02-23 12:00:34,759 [INFO] from play.api.mvc.DefaultJWTCookieDataCodec in application-akka.actor.default-dispatcher-3 - The JWT signature in the cookie does not match the locally computed signature with the server.
This usually indicates the browser has a leftover cookie from another Play application,
so clearing cookies may resolve this error message.
2018-02-23 12:00:34,830 [DEBUG] from application.ErrorHandler in application-akka.actor.default-dispatcher-3 - onClientError: statusCode = 404, uri = /, message = 
2018-02-23 12:27:32,358 [ERROR] from application in application-akka.actor.default-dispatcher-5 - 

! @774bel61b - Internal server error, for (POST) [/] ->
 
play.api.http.HttpErrorHandlerExceptions$$anon$1: Execution exception[[NumberFormatException: null]]
	at play.api.http.HttpErrorHandlerExceptions$.throwableToUsefulException(HttpErrorHandler.scala:255)
	at play.api.http.DefaultHttpErrorHandler.onServerError(HttpErrorHandler.scala:182)
	at play.filters.cors.AbstractCORSPolicy$$anonfun$1.applyOrElse(AbstractCORSPolicy.scala:125)
	at play.filters.cors.AbstractCORSPolicy$$anonfun$1.applyOrElse(AbstractCORSPolicy.scala:123)
	at scala.concurrent.Future.$anonfun$recoverWith$1(Future.scala:414)
	at scala.concurrent.impl.Promise.$anonfun$transformWith$1(Promise.scala:37)
	at scala.concurrent.impl.CallbackRunnable.run(Promise.scala:60)
	at play.api.libs.streams.Execution$trampoline$.execute(Execution.scala:70)
	at scala.concurrent.impl.CallbackRunnable.executeWithValue(Promise.scala:68)
	at scala.concurrent.impl.Promise$KeptPromise$Kept.onComplete(Promise.scala:368)
	at scala.concurrent.impl.Promise$KeptPromise$Kept.onComplete$(Promise.scala:367)
	at scala.concurrent.impl.Promise$KeptPromise$Failed.onComplete(Promise.scala:383)
	at scala.concurrent.impl.Promise.transformWith(Promise.scala:36)
	at scala.concurrent.impl.Promise.transformWith$(Promise.scala:34)
	at scala.concurrent.impl.Promise$KeptPromise$Failed.transformWith(Promise.scala:383)
	at scala.concurrent.Future.recoverWith(Future.scala:413)
	at scala.concurrent.Future.recoverWith$(Future.scala:412)
	at scala.concurrent.impl.Promise$KeptPromise$Failed.recoverWith(Promise.scala:383)
	at play.api.libs.streams.StrictAccumulator.$anonfun$recoverWith$3(Accumulator.scala:194)
	at scala.Function1.$anonfun$andThen$1(Function1.scala:52)
	at scala.Function1.$anonfun$andThen$1(Function1.scala:52)
	at scala.Function1.$anonfun$andThen$1(Function1.scala:52)
	at scala.Function1.$anonfun$andThen$1(Function1.scala:52)
	at play.api.libs.streams.StrictAccumulator.run(Accumulator.scala:211)
	at play.core.server.AkkaHttpServer.$anonfun$runAction$4(AkkaHttpServer.scala:305)
	at akka.http.scaladsl.util.FastFuture$.strictTransform$1(FastFuture.scala:41)
	at akka.http.scaladsl.util.FastFuture$.$anonfun$transformWith$3(FastFuture.scala:51)
	at scala.concurrent.impl.CallbackRunnable.run(Promise.scala:60)
	at akka.dispatch.BatchingExecutor$AbstractBatch.processBatch(BatchingExecutor.scala:55)
	at akka.dispatch.BatchingExecutor$BlockableBatch.$anonfun$run$1(BatchingExecutor.scala:91)
	at scala.runtime.java8.JFunction0$mcV$sp.apply(JFunction0$mcV$sp.java:12)
	at scala.concurrent.BlockContext$.withBlockContext(BlockContext.scala:81)
	at akka.dispatch.BatchingExecutor$BlockableBatch.run(BatchingExecutor.scala:91)
	at akka.dispatch.TaskInvocation.run(AbstractDispatcher.scala:40)
	at akka.dispatch.ForkJoinExecutorConfigurator$AkkaForkJoinTask.exec(ForkJoinExecutorConfigurator.scala:43)
	at akka.dispatch.forkjoin.ForkJoinTask.doExec(ForkJoinTask.java:260)
	at akka.dispatch.forkjoin.ForkJoinPool$WorkQueue.runTask(ForkJoinPool.java:1339)
	at akka.dispatch.forkjoin.ForkJoinPool.runWorker(ForkJoinPool.java:1979)
	at akka.dispatch.forkjoin.ForkJoinWorkerThread.run(ForkJoinWorkerThread.java:107)
Caused by: java.lang.NumberFormatException: null
	at java.math.BigDecimal.<init>(BigDecimal.java:494)
	at java.math.BigDecimal.<init>(BigDecimal.java:824)
	at scala.math.BigDecimal$.decimal(BigDecimal.scala:51)
	at scala.math.BigDecimal$.decimal(BigDecimal.scala:54)
	at scala.math.BigDecimal$.double2bigDecimal(BigDecimal.scala:342)
	at play.api.libs.json.DefaultWrites$DoubleWrites$.writes(Writes.scala:204)
	at play.api.libs.json.DefaultWrites$DoubleWrites$.writes(Writes.scala:203)
	at play.api.libs.json.GeneratedWrites.$anonfun$Tuple2W$1(Generated.scala:466)
	at play.api.libs.json.Writes$$anon$6.writes(Writes.scala:143)
	at play.api.libs.json.LowPriorityWrites.$anonfun$traversableWrites$2(Writes.scala:311)
	at scala.collection.immutable.List.foreach(List.scala:389)
	at play.api.libs.json.LowPriorityWrites.$anonfun$traversableWrites$1(Writes.scala:310)
	at play.api.libs.json.Writes$$anon$6.writes(Writes.scala:143)
	at play.api.libs.json.GeneratedWrites.$anonfun$Tuple2W$1(Generated.scala:466)
	at play.api.libs.json.Writes$$anon$6.writes(Writes.scala:143)
	at play.api.libs.json.LowPriorityWrites.$anonfun$traversableWrites$2(Writes.scala:311)
	at scala.collection.mutable.ResizableArray.foreach(ResizableArray.scala:59)
	at scala.collection.mutable.ResizableArray.foreach$(ResizableArray.scala:52)
	at scala.collection.mutable.ArrayBuffer.foreach(ArrayBuffer.scala:48)
	at play.api.libs.json.LowPriorityWrites.$anonfun$traversableWrites$1(Writes.scala:310)
	at play.api.libs.json.Writes$$anon$6.writes(Writes.scala:143)
	at play.api.libs.json.Json$.toJson(Json.scala:189)
	at controllers.HomeController.$anonfun$save$1(HomeController.scala:94)
	at scala.Function1.$anonfun$andThen$1(Function1.scala:52)
	at play.api.mvc.ActionBuilderImpl.invokeBlock(Action.scala:482)
	at play.api.mvc.ActionBuilderImpl.invokeBlock(Action.scala:480)
	at play.api.mvc.ActionBuilder$$anon$2.apply(Action.scala:419)
	at play.api.mvc.Action.$anonfun$apply$2(Action.scala:96)
	at play.api.libs.streams.StrictAccumulator.$anonfun$mapFuture$4(Accumulator.scala:174)
	at scala.util.Try$.apply(Try.scala:209)
	at play.api.libs.streams.StrictAccumulator.$anonfun$mapFuture$3(Accumulator.scala:174)
	at scala.Function1.$anonfun$andThen$1(Function1.scala:52)
	... 20 common frames omitted
2018-02-23 12:38:14,966 [ERROR] from application in application-akka.actor.default-dispatcher-5 - 

! @774bg5kh5 - Internal server error, for (POST) [/] ->
 
play.api.http.HttpErrorHandlerExceptions$$anon$1: Execution exception[[NumberFormatException: null]]
	at play.api.http.HttpErrorHandlerExceptions$.throwableToUsefulException(HttpErrorHandler.scala:255)
	at play.api.http.DefaultHttpErrorHandler.onServerError(HttpErrorHandler.scala:182)
	at play.filters.cors.AbstractCORSPolicy$$anonfun$1.applyOrElse(AbstractCORSPolicy.scala:125)
	at play.filters.cors.AbstractCORSPolicy$$anonfun$1.applyOrElse(AbstractCORSPolicy.scala:123)
	at scala.concurrent.Future.$anonfun$recoverWith$1(Future.scala:414)
	at scala.concurrent.impl.Promise.$anonfun$transformWith$1(Promise.scala:37)
	at scala.concurrent.impl.CallbackRunnable.run(Promise.scala:60)
	at play.api.libs.streams.Execution$trampoline$.execute(Execution.scala:70)
	at scala.concurrent.impl.CallbackRunnable.executeWithValue(Promise.scala:68)
	at scala.concurrent.impl.Promise$KeptPromise$Kept.onComplete(Promise.scala:368)
	at scala.concurrent.impl.Promise$KeptPromise$Kept.onComplete$(Promise.scala:367)
	at scala.concurrent.impl.Promise$KeptPromise$Failed.onComplete(Promise.scala:383)
	at scala.concurrent.impl.Promise.transformWith(Promise.scala:36)
	at scala.concurrent.impl.Promise.transformWith$(Promise.scala:34)
	at scala.concurrent.impl.Promise$KeptPromise$Failed.transformWith(Promise.scala:383)
	at scala.concurrent.Future.recoverWith(Future.scala:413)
	at scala.concurrent.Future.recoverWith$(Future.scala:412)
	at scala.concurrent.impl.Promise$KeptPromise$Failed.recoverWith(Promise.scala:383)
	at play.api.libs.streams.StrictAccumulator.$anonfun$recoverWith$3(Accumulator.scala:194)
	at scala.Function1.$anonfun$andThen$1(Function1.scala:52)
	at scala.Function1.$anonfun$andThen$1(Function1.scala:52)
	at scala.Function1.$anonfun$andThen$1(Function1.scala:52)
	at scala.Function1.$anonfun$andThen$1(Function1.scala:52)
	at play.api.libs.streams.StrictAccumulator.run(Accumulator.scala:211)
	at play.core.server.AkkaHttpServer.$anonfun$runAction$4(AkkaHttpServer.scala:305)
	at akka.http.scaladsl.util.FastFuture$.strictTransform$1(FastFuture.scala:41)
	at akka.http.scaladsl.util.FastFuture$.$anonfun$transformWith$3(FastFuture.scala:51)
	at scala.concurrent.impl.CallbackRunnable.run(Promise.scala:60)
	at akka.dispatch.BatchingExecutor$AbstractBatch.processBatch(BatchingExecutor.scala:55)
	at akka.dispatch.BatchingExecutor$BlockableBatch.$anonfun$run$1(BatchingExecutor.scala:91)
	at scala.runtime.java8.JFunction0$mcV$sp.apply(JFunction0$mcV$sp.java:12)
	at scala.concurrent.BlockContext$.withBlockContext(BlockContext.scala:81)
	at akka.dispatch.BatchingExecutor$BlockableBatch.run(BatchingExecutor.scala:91)
	at akka.dispatch.TaskInvocation.run(AbstractDispatcher.scala:40)
	at akka.dispatch.ForkJoinExecutorConfigurator$AkkaForkJoinTask.exec(ForkJoinExecutorConfigurator.scala:43)
	at akka.dispatch.forkjoin.ForkJoinTask.doExec(ForkJoinTask.java:260)
	at akka.dispatch.forkjoin.ForkJoinPool$WorkQueue.runTask(ForkJoinPool.java:1339)
	at akka.dispatch.forkjoin.ForkJoinPool.runWorker(ForkJoinPool.java:1979)
	at akka.dispatch.forkjoin.ForkJoinWorkerThread.run(ForkJoinWorkerThread.java:107)
Caused by: java.lang.NumberFormatException: null
	at java.math.BigDecimal.<init>(BigDecimal.java:494)
	at java.math.BigDecimal.<init>(BigDecimal.java:824)
	at scala.math.BigDecimal$.decimal(BigDecimal.scala:51)
	at scala.math.BigDecimal$.decimal(BigDecimal.scala:54)
	at scala.math.BigDecimal$.double2bigDecimal(BigDecimal.scala:342)
	at play.api.libs.json.DefaultWrites$DoubleWrites$.writes(Writes.scala:204)
	at play.api.libs.json.DefaultWrites$DoubleWrites$.writes(Writes.scala:203)
	at play.api.libs.json.GeneratedWrites.$anonfun$Tuple2W$1(Generated.scala:466)
	at play.api.libs.json.Writes$$anon$6.writes(Writes.scala:143)
	at play.api.libs.json.LowPriorityWrites.$anonfun$traversableWrites$2(Writes.scala:311)
	at scala.collection.immutable.List.foreach(List.scala:389)
	at play.api.libs.json.LowPriorityWrites.$anonfun$traversableWrites$1(Writes.scala:310)
	at play.api.libs.json.Writes$$anon$6.writes(Writes.scala:143)
	at play.api.libs.json.GeneratedWrites.$anonfun$Tuple2W$1(Generated.scala:466)
	at play.api.libs.json.Writes$$anon$6.writes(Writes.scala:143)
	at play.api.libs.json.LowPriorityWrites.$anonfun$traversableWrites$2(Writes.scala:311)
	at scala.collection.mutable.ResizableArray.foreach(ResizableArray.scala:59)
	at scala.collection.mutable.ResizableArray.foreach$(ResizableArray.scala:52)
	at scala.collection.mutable.ArrayBuffer.foreach(ArrayBuffer.scala:48)
	at play.api.libs.json.LowPriorityWrites.$anonfun$traversableWrites$1(Writes.scala:310)
	at play.api.libs.json.Writes$$anon$6.writes(Writes.scala:143)
	at play.api.libs.json.Json$.toJson(Json.scala:189)
	at controllers.HomeController.$anonfun$save$1(HomeController.scala:94)
	at scala.Function1.$anonfun$andThen$1(Function1.scala:52)
	at play.api.mvc.ActionBuilderImpl.invokeBlock(Action.scala:482)
	at play.api.mvc.ActionBuilderImpl.invokeBlock(Action.scala:480)
	at play.api.mvc.ActionBuilder$$anon$2.apply(Action.scala:419)
	at play.api.mvc.Action.$anonfun$apply$2(Action.scala:96)
	at play.api.libs.streams.StrictAccumulator.$anonfun$mapFuture$4(Accumulator.scala:174)
	at scala.util.Try$.apply(Try.scala:209)
	at play.api.libs.streams.StrictAccumulator.$anonfun$mapFuture$3(Accumulator.scala:174)
	at scala.Function1.$anonfun$andThen$1(Function1.scala:52)
	... 20 common frames omitted
2018-02-23 12:39:28,479 [INFO] from play.api.http.EnabledFilters in play-dev-mode-akka.actor.default-dispatcher-18 - Enabled Filters (see <https://www.playframework.com/documentation/latest/Filters>):

    play.filters.csrf.CSRFFilter
    play.filters.headers.SecurityHeadersFilter
    play.filters.hosts.AllowedHostsFilter
    play.filters.cors.CORSFilter

2018-02-23 12:39:28,480 [INFO] from play.api.Play in play-dev-mode-akka.actor.default-dispatcher-18 - Application started (Dev)
2018-02-23 15:36:45,064 [INFO] from play.api.http.EnabledFilters in play-dev-mode-akka.actor.default-dispatcher-47 - Enabled Filters (see <https://www.playframework.com/documentation/latest/Filters>):

    play.filters.csrf.CSRFFilter
    play.filters.headers.SecurityHeadersFilter
    play.filters.hosts.AllowedHostsFilter
    play.filters.cors.CORSFilter

2018-02-23 15:36:45,065 [INFO] from play.api.Play in play-dev-mode-akka.actor.default-dispatcher-47 - Application started (Dev)
2018-02-23 15:38:56,649 [ERROR] from application in application-akka.actor.default-dispatcher-4 - 

! @774cdogh0 - Internal server error, for (POST) [/] ->
 
play.api.http.HttpErrorHandlerExceptions$$anon$1: Execution exception[[NumberFormatException: null]]
	at play.api.http.HttpErrorHandlerExceptions$.throwableToUsefulException(HttpErrorHandler.scala:255)
	at play.api.http.DefaultHttpErrorHandler.onServerError(HttpErrorHandler.scala:182)
	at play.filters.cors.AbstractCORSPolicy$$anonfun$1.applyOrElse(AbstractCORSPolicy.scala:125)
	at play.filters.cors.AbstractCORSPolicy$$anonfun$1.applyOrElse(AbstractCORSPolicy.scala:123)
	at scala.concurrent.Future.$anonfun$recoverWith$1(Future.scala:414)
	at scala.concurrent.impl.Promise.$anonfun$transformWith$1(Promise.scala:37)
	at scala.concurrent.impl.CallbackRunnable.run(Promise.scala:60)
	at play.api.libs.streams.Execution$trampoline$.execute(Execution.scala:70)
	at scala.concurrent.impl.CallbackRunnable.executeWithValue(Promise.scala:68)
	at scala.concurrent.impl.Promise$KeptPromise$Kept.onComplete(Promise.scala:368)
	at scala.concurrent.impl.Promise$KeptPromise$Kept.onComplete$(Promise.scala:367)
	at scala.concurrent.impl.Promise$KeptPromise$Failed.onComplete(Promise.scala:383)
	at scala.concurrent.impl.Promise.transformWith(Promise.scala:36)
	at scala.concurrent.impl.Promise.transformWith$(Promise.scala:34)
	at scala.concurrent.impl.Promise$KeptPromise$Failed.transformWith(Promise.scala:383)
	at scala.concurrent.Future.recoverWith(Future.scala:413)
	at scala.concurrent.Future.recoverWith$(Future.scala:412)
	at scala.concurrent.impl.Promise$KeptPromise$Failed.recoverWith(Promise.scala:383)
	at play.api.libs.streams.StrictAccumulator.$anonfun$recoverWith$3(Accumulator.scala:194)
	at scala.Function1.$anonfun$andThen$1(Function1.scala:52)
	at scala.Function1.$anonfun$andThen$1(Function1.scala:52)
	at scala.Function1.$anonfun$andThen$1(Function1.scala:52)
	at scala.Function1.$anonfun$andThen$1(Function1.scala:52)
	at play.api.libs.streams.StrictAccumulator.run(Accumulator.scala:211)
	at play.core.server.AkkaHttpServer.$anonfun$runAction$4(AkkaHttpServer.scala:305)
	at akka.http.scaladsl.util.FastFuture$.strictTransform$1(FastFuture.scala:41)
	at akka.http.scaladsl.util.FastFuture$.$anonfun$transformWith$3(FastFuture.scala:51)
	at scala.concurrent.impl.CallbackRunnable.run(Promise.scala:60)
	at akka.dispatch.BatchingExecutor$AbstractBatch.processBatch(BatchingExecutor.scala:55)
	at akka.dispatch.BatchingExecutor$BlockableBatch.$anonfun$run$1(BatchingExecutor.scala:91)
	at scala.runtime.java8.JFunction0$mcV$sp.apply(JFunction0$mcV$sp.java:12)
	at scala.concurrent.BlockContext$.withBlockContext(BlockContext.scala:81)
	at akka.dispatch.BatchingExecutor$BlockableBatch.run(BatchingExecutor.scala:91)
	at akka.dispatch.TaskInvocation.run(AbstractDispatcher.scala:40)
	at akka.dispatch.ForkJoinExecutorConfigurator$AkkaForkJoinTask.exec(ForkJoinExecutorConfigurator.scala:43)
	at akka.dispatch.forkjoin.ForkJoinTask.doExec(ForkJoinTask.java:260)
	at akka.dispatch.forkjoin.ForkJoinPool$WorkQueue.runTask(ForkJoinPool.java:1339)
	at akka.dispatch.forkjoin.ForkJoinPool.runWorker(ForkJoinPool.java:1979)
	at akka.dispatch.forkjoin.ForkJoinWorkerThread.run(ForkJoinWorkerThread.java:107)
Caused by: java.lang.NumberFormatException: null
	at java.math.BigDecimal.<init>(BigDecimal.java:494)
	at java.math.BigDecimal.<init>(BigDecimal.java:824)
	at scala.math.BigDecimal$.decimal(BigDecimal.scala:51)
	at scala.math.BigDecimal$.decimal(BigDecimal.scala:54)
	at scala.math.BigDecimal$.double2bigDecimal(BigDecimal.scala:342)
	at play.api.libs.json.DefaultWrites$DoubleWrites$.writes(Writes.scala:204)
	at play.api.libs.json.DefaultWrites$DoubleWrites$.writes(Writes.scala:203)
	at play.api.libs.json.GeneratedWrites.$anonfun$Tuple2W$1(Generated.scala:466)
	at play.api.libs.json.Writes$$anon$6.writes(Writes.scala:143)
	at play.api.libs.json.LowPriorityWrites.$anonfun$traversableWrites$2(Writes.scala:311)
	at scala.collection.immutable.List.foreach(List.scala:389)
	at play.api.libs.json.LowPriorityWrites.$anonfun$traversableWrites$1(Writes.scala:310)
	at play.api.libs.json.Writes$$anon$6.writes(Writes.scala:143)
	at play.api.libs.json.GeneratedWrites.$anonfun$Tuple2W$1(Generated.scala:466)
	at play.api.libs.json.Writes$$anon$6.writes(Writes.scala:143)
	at play.api.libs.json.LowPriorityWrites.$anonfun$traversableWrites$2(Writes.scala:311)
	at scala.collection.mutable.ResizableArray.foreach(ResizableArray.scala:59)
	at scala.collection.mutable.ResizableArray.foreach$(ResizableArray.scala:52)
	at scala.collection.mutable.ArrayBuffer.foreach(ArrayBuffer.scala:48)
	at play.api.libs.json.LowPriorityWrites.$anonfun$traversableWrites$1(Writes.scala:310)
	at play.api.libs.json.Writes$$anon$6.writes(Writes.scala:143)
	at play.api.libs.json.Json$.toJson(Json.scala:189)
	at controllers.HomeController.$anonfun$save$1(HomeController.scala:94)
	at scala.Function1.$anonfun$andThen$1(Function1.scala:52)
	at play.api.mvc.ActionBuilderImpl.invokeBlock(Action.scala:482)
	at play.api.mvc.ActionBuilderImpl.invokeBlock(Action.scala:480)
	at play.api.mvc.ActionBuilder$$anon$2.apply(Action.scala:419)
	at play.api.mvc.Action.$anonfun$apply$2(Action.scala:96)
	at play.api.libs.streams.StrictAccumulator.$anonfun$mapFuture$4(Accumulator.scala:174)
	at scala.util.Try$.apply(Try.scala:209)
	at play.api.libs.streams.StrictAccumulator.$anonfun$mapFuture$3(Accumulator.scala:174)
	at scala.Function1.$anonfun$andThen$1(Function1.scala:52)
	... 20 common frames omitted
2018-02-23 15:40:05,489 [WARN] from play.api.mvc.DefaultJWTCookieDataCodec in application-akka.actor.default-dispatcher-4 - decode: cookie has invalid signature! message = JWT signature does not match locally computed signature. JWT validity cannot be asserted and should not be trusted.
2018-02-23 15:40:05,489 [INFO] from play.api.mvc.DefaultJWTCookieDataCodec in application-akka.actor.default-dispatcher-4 - The JWT signature in the cookie does not match the locally computed signature with the server.
This usually indicates the browser has a leftover cookie from another Play application,
so clearing cookies may resolve this error message.
2018-02-23 15:40:05,491 [DEBUG] from application.ErrorHandler in application-akka.actor.default-dispatcher-4 - onClientError: statusCode = 404, uri = /, message = 
2018-02-23 15:41:49,769 [ERROR] from application in application-akka.actor.default-dispatcher-4 - 

! @774ce8cjc - Internal server error, for (POST) [/] ->
 
play.api.http.HttpErrorHandlerExceptions$$anon$1: Execution exception[[NumberFormatException: null]]
	at play.api.http.HttpErrorHandlerExceptions$.throwableToUsefulException(HttpErrorHandler.scala:255)
	at play.api.http.DefaultHttpErrorHandler.onServerError(HttpErrorHandler.scala:182)
	at play.filters.cors.AbstractCORSPolicy$$anonfun$1.applyOrElse(AbstractCORSPolicy.scala:125)
	at play.filters.cors.AbstractCORSPolicy$$anonfun$1.applyOrElse(AbstractCORSPolicy.scala:123)
	at scala.concurrent.Future.$anonfun$recoverWith$1(Future.scala:414)
	at scala.concurrent.impl.Promise.$anonfun$transformWith$1(Promise.scala:37)
	at scala.concurrent.impl.CallbackRunnable.run(Promise.scala:60)
	at play.api.libs.streams.Execution$trampoline$.execute(Execution.scala:70)
	at scala.concurrent.impl.CallbackRunnable.executeWithValue(Promise.scala:68)
	at scala.concurrent.impl.Promise$KeptPromise$Kept.onComplete(Promise.scala:368)
	at scala.concurrent.impl.Promise$KeptPromise$Kept.onComplete$(Promise.scala:367)
	at scala.concurrent.impl.Promise$KeptPromise$Failed.onComplete(Promise.scala:383)
	at scala.concurrent.impl.Promise.transformWith(Promise.scala:36)
	at scala.concurrent.impl.Promise.transformWith$(Promise.scala:34)
	at scala.concurrent.impl.Promise$KeptPromise$Failed.transformWith(Promise.scala:383)
	at scala.concurrent.Future.recoverWith(Future.scala:413)
	at scala.concurrent.Future.recoverWith$(Future.scala:412)
	at scala.concurrent.impl.Promise$KeptPromise$Failed.recoverWith(Promise.scala:383)
	at play.api.libs.streams.StrictAccumulator.$anonfun$recoverWith$3(Accumulator.scala:194)
	at scala.Function1.$anonfun$andThen$1(Function1.scala:52)
	at scala.Function1.$anonfun$andThen$1(Function1.scala:52)
	at scala.Function1.$anonfun$andThen$1(Function1.scala:52)
	at scala.Function1.$anonfun$andThen$1(Function1.scala:52)
	at play.api.libs.streams.StrictAccumulator.run(Accumulator.scala:211)
	at play.core.server.AkkaHttpServer.$anonfun$runAction$4(AkkaHttpServer.scala:305)
	at akka.http.scaladsl.util.FastFuture$.strictTransform$1(FastFuture.scala:41)
	at akka.http.scaladsl.util.FastFuture$.$anonfun$transformWith$3(FastFuture.scala:51)
	at scala.concurrent.impl.CallbackRunnable.run(Promise.scala:60)
	at akka.dispatch.BatchingExecutor$AbstractBatch.processBatch(BatchingExecutor.scala:55)
	at akka.dispatch.BatchingExecutor$BlockableBatch.$anonfun$run$1(BatchingExecutor.scala:91)
	at scala.runtime.java8.JFunction0$mcV$sp.apply(JFunction0$mcV$sp.java:12)
	at scala.concurrent.BlockContext$.withBlockContext(BlockContext.scala:81)
	at akka.dispatch.BatchingExecutor$BlockableBatch.run(BatchingExecutor.scala:91)
	at akka.dispatch.TaskInvocation.run(AbstractDispatcher.scala:40)
	at akka.dispatch.ForkJoinExecutorConfigurator$AkkaForkJoinTask.exec(ForkJoinExecutorConfigurator.scala:43)
	at akka.dispatch.forkjoin.ForkJoinTask.doExec(ForkJoinTask.java:260)
	at akka.dispatch.forkjoin.ForkJoinPool$WorkQueue.runTask(ForkJoinPool.java:1339)
	at akka.dispatch.forkjoin.ForkJoinPool.runWorker(ForkJoinPool.java:1979)
	at akka.dispatch.forkjoin.ForkJoinWorkerThread.run(ForkJoinWorkerThread.java:107)
Caused by: java.lang.NumberFormatException: null
	at java.math.BigDecimal.<init>(BigDecimal.java:494)
	at java.math.BigDecimal.<init>(BigDecimal.java:824)
	at scala.math.BigDecimal$.decimal(BigDecimal.scala:51)
	at scala.math.BigDecimal$.decimal(BigDecimal.scala:54)
	at scala.math.BigDecimal$.double2bigDecimal(BigDecimal.scala:342)
	at play.api.libs.json.DefaultWrites$DoubleWrites$.writes(Writes.scala:204)
	at play.api.libs.json.DefaultWrites$DoubleWrites$.writes(Writes.scala:203)
	at play.api.libs.json.GeneratedWrites.$anonfun$Tuple2W$1(Generated.scala:466)
	at play.api.libs.json.Writes$$anon$6.writes(Writes.scala:143)
	at play.api.libs.json.LowPriorityWrites.$anonfun$traversableWrites$2(Writes.scala:311)
	at scala.collection.immutable.List.foreach(List.scala:389)
	at play.api.libs.json.LowPriorityWrites.$anonfun$traversableWrites$1(Writes.scala:310)
	at play.api.libs.json.Writes$$anon$6.writes(Writes.scala:143)
	at play.api.libs.json.GeneratedWrites.$anonfun$Tuple2W$1(Generated.scala:466)
	at play.api.libs.json.Writes$$anon$6.writes(Writes.scala:143)
	at play.api.libs.json.LowPriorityWrites.$anonfun$traversableWrites$2(Writes.scala:311)
	at scala.collection.mutable.ResizableArray.foreach(ResizableArray.scala:59)
	at scala.collection.mutable.ResizableArray.foreach$(ResizableArray.scala:52)
	at scala.collection.mutable.ArrayBuffer.foreach(ArrayBuffer.scala:48)
	at play.api.libs.json.LowPriorityWrites.$anonfun$traversableWrites$1(Writes.scala:310)
	at play.api.libs.json.Writes$$anon$6.writes(Writes.scala:143)
	at play.api.libs.json.Json$.toJson(Json.scala:189)
	at controllers.HomeController.$anonfun$save$1(HomeController.scala:94)
	at scala.Function1.$anonfun$andThen$1(Function1.scala:52)
	at play.api.mvc.ActionBuilderImpl.invokeBlock(Action.scala:482)
	at play.api.mvc.ActionBuilderImpl.invokeBlock(Action.scala:480)
	at play.api.mvc.ActionBuilder$$anon$2.apply(Action.scala:419)
	at play.api.mvc.Action.$anonfun$apply$2(Action.scala:96)
	at play.api.libs.streams.StrictAccumulator.$anonfun$mapFuture$4(Accumulator.scala:174)
	at scala.util.Try$.apply(Try.scala:209)
	at play.api.libs.streams.StrictAccumulator.$anonfun$mapFuture$3(Accumulator.scala:174)
	at scala.Function1.$anonfun$andThen$1(Function1.scala:52)
	... 20 common frames omitted
